[    0.000000] Linux version 4.15.0-212-generic (buildd@lcy02-amd64-083) (gcc version 7.5.0 (Ubuntu 7.5.0-3ubuntu1~18.04)) #223-Ubuntu SMP Tue May 23 13:09:22 UTC 2023 (Ubuntu 4.15.0-212.223-generic 4.15.18)
[    0.000000] Command line: BOOT_IMAGE=/boot/vmlinuz-4.15.0-212-generic root=LABEL=cloudimg-rootfs ro console=tty1 console=ttyS0
[    0.000000] KERNEL supported cpus:
[    0.000000]   Intel GenuineIntel
[    0.000000]   AMD AuthenticAMD
[    0.000000]   Centaur CentaurHauls
[    0.000000] x86/fpu: Supporting XSAVE feature 0x001: 'x87 floating point registers'
[    0.000000] x86/fpu: Supporting XSAVE feature 0x002: 'SSE registers'
[    0.000000] x86/fpu: Supporting XSAVE feature 0x004: 'AVX registers'
[    0.000000] x86/fpu: xstate_offset[2]:  576, xstate_sizes[2]:  256
[    0.000000] x86/fpu: Enabled xstate features 0x7, context size is 832 bytes, using 'standard' format.
[    0.000000] e820: BIOS-provided physical RAM map:
[    0.000000] BIOS-e820: [mem 0x0000000000000000-0x000000000009fbff] usable
[    0.000000] BIOS-e820: [mem 0x000000000009fc00-0x000000000009ffff] reserved
[    0.000000] BIOS-e820: [mem 0x00000000000f0000-0x00000000000fffff] reserved
[    0.000000] BIOS-e820: [mem 0x0000000000100000-0x000000001ffeffff] usable
[    0.000000] BIOS-e820: [mem 0x000000001fff0000-0x000000001fffffff] ACPI data
[    0.000000] BIOS-e820: [mem 0x00000000fec00000-0x00000000fec00fff] reserved
[    0.000000] BIOS-e820: [mem 0x00000000fee00000-0x00000000fee00fff] reserved
[    0.000000] BIOS-e820: [mem 0x00000000fffc0000-0x00000000ffffffff] reserved
[    0.000000] NX (Execute Disable) protection: active
[    0.000000] SMBIOS 2.5 present.
[    0.000000] DMI: innotek GmbH VirtualBox/VirtualBox, BIOS VirtualBox 12/01/2006
[    0.000000] Hypervisor detected: KVM
[    0.000000] e820: last_pfn = 0x1fff0 max_arch_pfn = 0x400000000
[    0.000000] MTRR: Disabled
[    0.000000] x86/PAT: MTRRs disabled, skipping PAT initialization too.
[    0.000000] CPU MTRRs all blank - virtualized system.
[    0.000000] x86/PAT: Configuration [0-7]: WB  WT  UC- UC  WB  WT  UC- UC  
[    0.000000] found SMP MP-table at [mem 0x0009fff0-0x0009ffff]
[    0.000000] Scanning 1 areas for low memory corruption
[    0.000000] RAMDISK: [mem 0x1db01000-0x1ee12fff]
[    0.000000] ACPI: Early table checksum verification disabled
[    0.000000] ACPI: RSDP 0x00000000000E0000 000024 (v02 VBOX  )
[    0.000000] ACPI: XSDT 0x000000001FFF0030 00003C (v01 VBOX   VBOXXSDT 00000001 ASL  00000061)
[    0.000000] ACPI: FACP 0x000000001FFF00F0 0000F4 (v04 VBOX   VBOXFACP 00000001 ASL  00000061)
[    0.000000] ACPI: DSDT 0x000000001FFF0470 0022EA (v02 VBOX   VBOXBIOS 00000002 INTL 20100528)
[    0.000000] ACPI: FACS 0x000000001FFF0200 000040
[    0.000000] ACPI: FACS 0x000000001FFF0200 000040
[    0.000000] ACPI: APIC 0x000000001FFF0240 000054 (v02 VBOX   VBOXAPIC 00000001 ASL  00000061)
[    0.000000] ACPI: SSDT 0x000000001FFF02A0 0001CC (v01 VBOX   VBOXCPUT 00000002 INTL 20100528)
[    0.000000] ACPI: Reserving FACP table memory at [mem 0x1fff00f0-0x1fff01e3]
[    0.000000] ACPI: Reserving DSDT table memory at [mem 0x1fff0470-0x1fff2759]
[    0.000000] ACPI: Reserving FACS table memory at [mem 0x1fff0200-0x1fff023f]
[    0.000000] ACPI: Reserving FACS table memory at [mem 0x1fff0200-0x1fff023f]
[    0.000000] ACPI: Reserving APIC table memory at [mem 0x1fff0240-0x1fff0293]
[    0.000000] ACPI: Reserving SSDT table memory at [mem 0x1fff02a0-0x1fff046b]
[    0.000000] No NUMA configuration found
[    0.000000] Faking a node at [mem 0x0000000000000000-0x000000001ffeffff]
[    0.000000] NODE_DATA(0) allocated [mem 0x1ffc5000-0x1ffeffff]
[    0.000000] kvm-clock: cpu 0, msr 0:1ff44001, primary cpu clock
[    0.000000] kvm-clock: Using msrs 4b564d01 and 4b564d00
[    0.000000] kvm-clock: using sched offset of 3351075621 cycles
[    0.000000] clocksource: kvm-clock: mask: 0xffffffffffffffff max_cycles: 0x1cd42e4dffb, max_idle_ns: 881590591483 ns
[    0.000000] Zone ranges:
[    0.000000]   DMA      [mem 0x0000000000001000-0x0000000000ffffff]
[    0.000000]   DMA32    [mem 0x0000000001000000-0x000000001ffeffff]
[    0.000000]   Normal   empty
[    0.000000]   Device   empty
[    0.000000] Movable zone start for each node
[    0.000000] Early memory node ranges
[    0.000000]   node   0: [mem 0x0000000000001000-0x000000000009efff]
[    0.000000]   node   0: [mem 0x0000000000100000-0x000000001ffeffff]
[    0.000000] Reserved but unavailable: 104 pages
[    0.000000] Initmem setup node 0 [mem 0x0000000000001000-0x000000001ffeffff]
[    0.000000] ACPI: PM-Timer IO Port: 0x4008
[    0.000000] IOAPIC[0]: apic_id 1, version 32, address 0xfec00000, GSI 0-23
[    0.000000] ACPI: INT_SRC_OVR (bus 0 bus_irq 0 global_irq 2 dfl dfl)
[    0.000000] ACPI: INT_SRC_OVR (bus 0 bus_irq 9 global_irq 9 low level)
[    0.000000] Using ACPI (MADT) for SMP configuration information
[    0.000000] smpboot: Allowing 1 CPUs, 0 hotplug CPUs
[    0.000000] PM: Registered nosave memory: [mem 0x00000000-0x00000fff]
[    0.000000] PM: Registered nosave memory: [mem 0x0009f000-0x0009ffff]
[    0.000000] PM: Registered nosave memory: [mem 0x000a0000-0x000effff]
[    0.000000] PM: Registered nosave memory: [mem 0x000f0000-0x000fffff]
[    0.000000] e820: [mem 0x20000000-0xfebfffff] available for PCI devices
[    0.000000] Booting paravirtualized kernel on KVM
[    0.000000] clocksource: refined-jiffies: mask: 0xffffffff max_cycles: 0xffffffff, max_idle_ns: 7645519600211568 ns
[    0.000000] setup_percpu: NR_CPUS:8192 nr_cpumask_bits:1 nr_cpu_ids:1 nr_node_ids:1
[    0.000000] percpu: Embedded 50 pages/cpu s167936 r8192 d28672 u2097152
[    0.000000] PV qspinlock hash table entries: 256 (order: 0, 4096 bytes)
[    0.000000] Built 1 zonelists, mobility grouping on.  Total pages: 128889
[    0.000000] Policy zone: DMA32
[    0.000000] Kernel command line: BOOT_IMAGE=/boot/vmlinuz-4.15.0-212-generic root=LABEL=cloudimg-rootfs ro console=tty1 console=ttyS0
[    0.000000] Memory: 466748K/523832K available (12300K kernel code, 2477K rwdata, 4324K rodata, 2480K init, 2720K bss, 57084K reserved, 0K cma-reserved)
[    0.000000] SLUB: HWalign=64, Order=0-3, MinObjects=0, CPUs=1, Nodes=1
[    0.000000] ftrace: allocating 39508 entries in 155 pages
[    0.004000] Hierarchical RCU implementation.
[    0.004000] 	RCU restricting CPUs from NR_CPUS=8192 to nr_cpu_ids=1.
[    0.004000] 	Tasks RCU enabled.
[    0.004000] RCU: Adjusting geometry for rcu_fanout_leaf=16, nr_cpu_ids=1
[    0.004000] NR_IRQS: 524544, nr_irqs: 256, preallocated irqs: 16
[    0.004000] random: crng init done
[    0.004000] Console: colour VGA+ 80x25
[    0.004000] console [tty1] enabled
[    0.004000] console [ttyS0] enabled
[    0.004000] ACPI: Core revision 20170831
[    0.004000] ACPI: 2 ACPI AML tables successfully acquired and loaded
[    0.004000] APIC: Switch to symmetric I/O mode setup
[    0.004000] x2apic enabled
[    0.004000] Switched APIC routing to physical x2apic.
[    0.004000] ..TIMER: vector=0x30 apic1=0 pin1=2 apic2=-1 pin2=-1
[    0.004000] tsc: Detected 2687.996 MHz processor
[    0.004000] Calibrating delay loop (skipped) preset value.. 5375.99 BogoMIPS (lpj=10751984)
[    0.004005] pid_max: default: 32768 minimum: 301
[    0.004485] Security Framework initialized
[    0.004898] Yama: becoming mindful.
[    0.005325] AppArmor: AppArmor initialized
[    0.005800] Dentry cache hash table entries: 65536 (order: 7, 524288 bytes)
[    0.006606] Inode-cache hash table entries: 32768 (order: 6, 262144 bytes)
[    0.007543] Mount-cache hash table entries: 1024 (order: 1, 8192 bytes)
[    0.008004] Mountpoint-cache hash table entries: 1024 (order: 1, 8192 bytes)
[    0.008861] process: using mwait in idle threads
[    0.009327] Last level iTLB entries: 4KB 0, 2MB 0, 4MB 0
[    0.009842] Last level dTLB entries: 4KB 0, 2MB 0, 4MB 0, 1GB 0
[    0.010406] Spectre V1 : Mitigation: usercopy/swapgs barriers and __user pointer sanitization
[    0.011229] unchecked MSR access error: WRMSR to 0x48 (tried to write 0x0000000000000001) at rIP: 0xffffffffb666e1b8 (native_write_msr+0x8/0x30)
[    0.012001] Call Trace:
[    0.012321]  wrmsrl+0x16/0x20
[    0.012637]  check_bugs+0x3c9/0xcf6
[    0.012995]  ? delayacct_init+0x52/0x70
[    0.013442]  start_kernel+0x4a5/0x4ed
[    0.013816]  x86_64_start_reservations+0x24/0x26
[    0.014452]  x86_64_start_kernel+0x8e/0x91
[    0.014880]  secondary_startup_64+0xa5/0xb0
[    0.016002] Spectre V2 : Mitigation: Enhanced IBRS
[    0.016480] Spectre V2 : Spectre v2 / SpectreRSB mitigation: Filling RSB on context switch
[    0.017428] Spectre V2 : Spectre v2 / PBRSB-eIBRS: Retire a single CALL on VMEXIT
[    0.018285] Speculative Store Bypass: Vulnerable
[    0.030762] Freeing SMP alternatives memory: 36K
[    0.140737] smpboot: CPU0: 11th Gen Intel(R) Core(TM) i5-11400H @ 2.70GHz (family: 0x6, model: 0x8d, stepping: 0x1)
[    0.144000] Performance Events: unsupported p6 CPU model 141 no PMU driver, software events only.
[    0.144084] Hierarchical SRCU implementation.
[    0.146145] NMI watchdog: Perf event create on CPU 0 failed with -2
[    0.148002] NMI watchdog: Perf NMI watchdog permanently disabled
[    0.149067] smp: Bringing up secondary CPUs ...
[    0.149795] smp: Brought up 1 node, 1 CPU
[    0.150446] smpboot: Max logical packages: 1
[    0.151123] smpboot: Total of 1 processors activated (5375.99 BogoMIPS)
[    0.152108] devtmpfs: initialized
[    0.152601] x86/mm: Memory block size: 128MB
[    0.153082] evm: security.selinux
[    0.153437] evm: security.SMACK64
[    0.153773] evm: security.SMACK64EXEC
[    0.154137] evm: security.SMACK64TRANSMUTE
[    0.154538] evm: security.SMACK64MMAP
[    0.154901] evm: security.apparmor
[    0.156003] evm: security.ima
[    0.156312] evm: security.capability
[    0.156735] clocksource: jiffies: mask: 0xffffffff max_cycles: 0xffffffff, max_idle_ns: 7645041785100000 ns
[    0.157642] futex hash table entries: 256 (order: 2, 16384 bytes)
[    0.158310] pinctrl core: initialized pinctrl subsystem
[    0.158875] RTC time:  1:11:36, date: 11/06/24
[    0.159382] NET: Registered protocol family 16
[    0.160045] audit: initializing netlink subsys (disabled)
[    0.160629] cpuidle: using governor ladder
[    0.161033] cpuidle: using governor menu
[    0.161439] ACPI: bus type PCI registered
[    0.161835] acpiphp: ACPI Hot Plug PCI Controller Driver version: 0.5
[    0.162720] PCI: Using configuration type 1 for base access
[    0.163575] audit: type=2000 audit(1730855501.178:1): state=initialized audit_enabled=0 res=1
[    0.164608] HugeTLB registered 2.00 MiB page size, pre-allocated 0 pages
[    0.165373] ACPI: Added _OSI(Module Device)
[    0.165802] ACPI: Added _OSI(Processor Device)
[    0.166231] ACPI: Added _OSI(3.0 _SCP Extensions)
[    0.166682] ACPI: Added _OSI(Processor Aggregator Device)
[    0.167192] ACPI: Added _OSI(Linux-Dell-Video)
[    0.168004] ACPI: Added _OSI(Linux-Lenovo-NV-HDMI-Audio)
[    0.168522] ACPI: Added _OSI(Linux-HPI-Hybrid-Graphics)
[    0.169242] ACPI: Executed 1 blocks of module-level executable AML code
[    0.171609] ACPI: Interpreter enabled
[    0.172023] ACPI: (supports S0 S5)
[    0.172487] ACPI: Using IOAPIC for interrupt routing
[    0.173193] PCI: Using host bridge windows from ACPI; if necessary, use "pci=nocrs" and report a bug
[    0.174656] ACPI: Enabled 2 GPEs in block 00 to 07
[    0.183584] ACPI: PCI Root Bridge [PCI0] (domain 0000 [bus 00-ff])
[    0.184009] acpi PNP0A03:00: _OSC: OS supports [ASPM ClockPM Segments MSI]
[    0.185729] acpi PNP0A03:00: _OSC: not requesting OS control; OS requires [ExtendedConfig ASPM ClockPM MSI]
[    0.187802] acpi PNP0A03:00: fail to add MMCONFIG information, can't access extended PCI configuration space under this bridge.
[    0.188202] PCI host bridge to bus 0000:00
[    0.188783] pci_bus 0000:00: root bus resource [io  0x0000-0x0cf7 window]
[    0.192002] pci_bus 0000:00: root bus resource [io  0x0d00-0xffff window]
[    0.192723] pci_bus 0000:00: root bus resource [mem 0x000a0000-0x000bffff window]
[    0.193586] pci_bus 0000:00: root bus resource [mem 0x20000000-0xfdffffff window]
[    0.194386] pci_bus 0000:00: root bus resource [bus 00-ff]
[    0.196399] pci 0000:00:01.1: legacy IDE quirk: reg 0x10: [io  0x01f0-0x01f7]
[    0.197261] pci 0000:00:01.1: legacy IDE quirk: reg 0x14: [io  0x03f6]
[    0.197987] pci 0000:00:01.1: legacy IDE quirk: reg 0x18: [io  0x0170-0x0177]
[    0.198739] pci 0000:00:01.1: legacy IDE quirk: reg 0x1c: [io  0x0376]
[    0.209230] pci 0000:00:07.0: quirk: [io  0x4000-0x403f] claimed by PIIX4 ACPI
[    0.209966] pci 0000:00:07.0: quirk: [io  0x4100-0x410f] claimed by PIIX4 SMB
[    0.214464] ACPI: PCI Interrupt Link [LNKA] (IRQs 5 9 10 *11)
[    0.215232] ACPI: PCI Interrupt Link [LNKB] (IRQs 5 9 *10 11)
[    0.215852] ACPI: PCI Interrupt Link [LNKC] (IRQs 5 *9 10 11)
[    0.216075] ACPI: PCI Interrupt Link [LNKD] (IRQs 5 9 10 *11)
[    0.216866] SCSI subsystem initialized
[    0.217355] pci 0000:00:02.0: vgaarb: setting as boot VGA device
[    0.217916] pci 0000:00:02.0: vgaarb: VGA device added: decodes=io+mem,owns=io+mem,locks=none
[    0.218783] pci 0000:00:02.0: vgaarb: bridge control possible
[    0.219415] vgaarb: loaded
[    0.220015] ACPI: bus type USB registered
[    0.220430] usbcore: registered new interface driver usbfs
[    0.220952] usbcore: registered new interface driver hub
[    0.221466] usbcore: registered new device driver usb
[    0.221983] EDAC MC: Ver: 3.0.0
[    0.222548] PCI: Using ACPI for IRQ routing
[    0.223161] NetLabel: Initializing
[    0.223540] NetLabel:  domain hash size = 128
[    0.224001] NetLabel:  protocols = UNLABELED CIPSOv4 CALIPSO
[    0.224552] NetLabel:  unlabeled traffic allowed by default
[    0.225141] clocksource: Switched to clocksource kvm-clock
[    0.240612] VFS: Disk quotas dquot_6.6.0
[    0.241068] VFS: Dquot-cache hash table entries: 512 (order 0, 4096 bytes)
[    0.241847] AppArmor: AppArmor Filesystem Enabled
[    0.242542] pnp: PnP ACPI init
[    0.243490] pnp: PnP ACPI: found 3 devices
[    0.248968] clocksource: acpi_pm: mask: 0xffffff max_cycles: 0xffffff, max_idle_ns: 2085701024 ns
[    0.249876] NET: Registered protocol family 2
[    0.250350] IP idents hash table entries: 8192 (order: 4, 65536 bytes)
[    0.251105] TCP established hash table entries: 4096 (order: 3, 32768 bytes)
[    0.251874] TCP bind hash table entries: 4096 (order: 4, 65536 bytes)
[    0.252511] TCP: Hash tables configured (established 4096 bind 4096)
[    0.253169] UDP hash table entries: 256 (order: 1, 8192 bytes)
[    0.253752] UDP-Lite hash table entries: 256 (order: 1, 8192 bytes)
[    0.254728] NET: Registered protocol family 1
[    0.255322] pci 0000:00:00.0: Limiting direct PCI/PCI transfers
[    0.256060] pci 0000:00:01.0: Activating ISA DMA hang workarounds
[    0.256876] pci 0000:00:02.0: Video device with shadowed ROM at [mem 0x000c0000-0x000dffff]
[    0.257973] Unpacking initramfs...
[    0.525664] Freeing initrd memory: 19528K
[    0.526366] clocksource: tsc: mask: 0xffffffffffffffff max_cycles: 0x26bef2ce314, max_idle_ns: 440795292201 ns
[    0.527459] platform rtc_cmos: registered platform RTC device (no PNP device found)
[    0.528336] Scanning for low memory corruption every 60 seconds
[    0.529209] Initialise system trusted keyrings
[    0.529665] Key type blacklist registered
[    0.530086] workingset: timestamp_bits=36 max_order=17 bucket_order=0
[    0.531243] zbud: loaded
[    0.531733] squashfs: version 4.0 (2009/01/31) Phillip Lougher
[    0.532367] fuse init (API version 7.26)
[    0.533116] Key type asymmetric registered
[    0.533536] Asymmetric key parser 'x509' registered
[    0.534061] Block layer SCSI generic (bsg) driver version 0.4 loaded (major 246)
[    0.534780] io scheduler noop registered
[    0.535167] io scheduler deadline registered
[    0.535596] io scheduler cfq registered (default)
[    0.536240] ACPI: AC Adapter [AC] (on-line)
[    0.536697] input: Power Button as /devices/LNXSYSTM:00/LNXPWRBN:00/input/input0
[    0.537406] ACPI: Power Button [PWRF]
[    0.537848] input: Sleep Button as /devices/LNXSYSTM:00/LNXSLPBN:00/input/input1
[    0.538613] ACPI: Sleep Button [SLPF]
[    0.539513] ACPI: Battery Slot [BAT0] (battery present)
[    0.540094] Serial: 8250/16550 driver, 32 ports, IRQ sharing enabled
[    0.561249] 00:02: ttyS0 at I/O 0x3f8 (irq = 4, base_baud = 115200) is a 16550A
[    0.562673] Linux agpgart interface v0.103
[    0.563651] loop: module loaded
[    0.564265] scsi host0: ata_piix
[    0.564656] scsi host1: ata_piix
[    0.564999] ata1: PATA max UDMA/33 cmd 0x1f0 ctl 0x3f6 bmdma 0xd000 irq 14
[    0.565638] ata2: PATA max UDMA/33 cmd 0x170 ctl 0x376 bmdma 0xd008 irq 15
[    0.566505] tun: Universal TUN/TAP device driver, 1.6
[    0.567008] PPP generic driver version 2.4.2
[    0.567492] ehci_hcd: USB 2.0 'Enhanced' Host Controller (EHCI) Driver
[    0.568063] ehci-pci: EHCI PCI platform driver
[    0.568578] ehci-platform: EHCI generic platform driver
[    0.569078] ohci_hcd: USB 1.1 'Open' Host Controller (OHCI) Driver
[    0.569760] ohci-pci: OHCI PCI platform driver
[    0.570196] ohci-platform: OHCI generic platform driver
[    0.570696] uhci_hcd: USB Universal Host Controller Interface driver
[    0.571355] i8042: PNP: PS/2 Controller [PNP0303:PS2K,PNP0f03:PS2M] at 0x60,0x64 irq 1,12
[    0.572631] serio: i8042 KBD port at 0x60,0x64 irq 1
[    0.573138] serio: i8042 AUX port at 0x60,0x64 irq 12
[    0.573654] mousedev: PS/2 mouse device common for all mice
[    0.574339] input: AT Translated Set 2 keyboard as /devices/platform/i8042/serio0/input/input2
[    0.575383] rtc_cmos rtc_cmos: rtc core: registered rtc_cmos as rtc0
[    0.576029] rtc_cmos rtc_cmos: alarms up to one day, 114 bytes nvram
[    0.576622] i2c /dev entries driver
[    0.577001] device-mapper: uevent: version 1.0.3
[    0.577475] device-mapper: ioctl: 4.37.0-ioctl (2017-09-20) initialised: dm-devel@redhat.com
[    0.578268] ledtrig-cpu: registered to indicate activity on CPUs
[    0.578990] NET: Registered protocol family 10
[    0.580987] Segment Routing with IPv6
[    0.581441] NET: Registered protocol family 17
[    0.581956] Key type dns_resolver registered
[    0.582631] mce: Using 0 MCE banks
[    0.583186] RAS: Correctable Errors collector initialized.
[    0.583775] sched_clock: Marking stable (580409072, 0)->(670184057, -89774985)
[    0.584556] registered taskstats version 1
[    0.584975] Loading compiled-in X.509 certificates
[    0.586475] Loaded X.509 cert 'Build time autogenerated kernel key: b5b26778eaa3ab3a4a6cee031137706e947d12ad'
[    0.587739] Loaded X.509 cert 'Canonical Ltd. Live Patch Signing: 14df34d1a87cf37625abec039ef2bf521249b969'
[    0.589034] Loaded X.509 cert 'Canonical Ltd. Kernel Module Signing: 88f752e560a1e0737e31163a466ad7b70a850c19'
[    0.589958] blacklist: Loading compiled-in revocation X.509 certificates
[    0.590589] Loaded X.509 cert 'Canonical Ltd. Secure Boot Signing: 61482aa2830d0ab2ad5af10b7250da9033ddcef0'
[    0.591710] Loaded X.509 cert 'Canonical Ltd. Secure Boot Signing (2017): 242ade75ac4a15e50d50c84b0d45ff3eae707a03'
[    0.594132] Loaded X.509 cert 'Canonical Ltd. Secure Boot Signing (ESM 2018): 365188c1d374d6b07c3c8f240f8ef722433d6a8b'
[    0.596368] Loaded X.509 cert 'Canonical Ltd. Secure Boot Signing (2019): c0746fd6c5da3ae827864651ad66ae47fe24b3e8'
[    0.598598] Loaded X.509 cert 'Canonical Ltd. Secure Boot Signing (2021 v1): a8d54bbb3825cfb94fa13c9f8a594a195c107b8d'
[    0.600920] Loaded X.509 cert 'Canonical Ltd. Secure Boot Signing (2021 v2): 4cf046892d6fd3c9a5b03f98d845f90851dc6a8c'
[    0.603138] Loaded X.509 cert 'Canonical Ltd. Secure Boot Signing (2021 v3): 100437bb6de6e469b581e61cd66bce3ef4ed53af'
[    0.605416] Loaded X.509 cert 'Canonical Ltd. Secure Boot Signing (Ubuntu Core 2019): c1d57b8f6b743f23ee41f4f7ee292f06eecadfb9'
[    0.607248] zswap: loaded using pool lzo/zbud
[    0.609950] Key type big_key registered
[    0.610398] Key type trusted registered
[    0.611511] Key type encrypted registered
[    0.611986] AppArmor: AppArmor sha1 policy hashing enabled
[    0.612679] ima: No TPM chip found, activating TPM-bypass! (rc=-19)
[    0.613331] ima: Allocated hash algorithm: sha1
[    0.613811] evm: HMAC attrs: 0x1
[    0.614300]   Magic number: 0:201:154
[    0.614794] rtc_cmos rtc_cmos: setting system clock to 2024-11-06 01:11:37 UTC (1730855497)
[    0.615862] BIOS EDD facility v0.16 2004-Jun-25, 0 devices found
[    0.616546] EDD information not available.
[    0.736103] Freeing unused kernel image memory: 2480K
[    0.744086] Write protecting the kernel read-only data: 20480k
[    0.745040] Freeing unused kernel image memory: 2008K
[    0.745772] Freeing unused kernel image memory: 1820K
[    0.749386] x86/mm: Checked W+X mappings: passed, no W+X pages found.
Loading, please wait...
starting version 237
[    0.811607] e1000: Intel(R) PRO/1000 Network Driver - version 7.3.21-k8-NAPI
[    0.812527] e1000: Copyright (c) 1999-2006 Intel Corporation.
[    0.819380] Fusion MPT base driver 3.04.20
[    0.819871] Copyright (c) 1999-2008 LSI Corporation
[    0.822096] Fusion MPT SPI Host driver 3.04.20
[    0.833680] AVX2 version of gcm_enc/dec engaged.
[    0.834169] AES CTR mode by8 optimization enabled
[    1.030136] input: ImExPS/2 Generic Explorer Mouse as /devices/platform/i8042/serio1/input/input4
[    1.172672] e1000 0000:00:03.0 eth0: (PCI:33MHz:32-bit) 02:3b:7b:b7:3b:2d
[    1.174651] e1000 0000:00:03.0 eth0: Intel(R) PRO/1000 Network Connection
[    1.177452] mptbase: ioc0: Initiating bringup
[    1.272719] ioc0: LSI53C1030 A0: Capabilities={Initiator}
[    1.514032] scsi host2: ioc0: LSI53C1030 A0, FwRev=00000000h, Ports=1, MaxQ=256, IRQ=20
[    1.681383] scsi 2:0:0:0: Direct-Access     VBOX     HARDDISK         1.0  PQ: 0 ANSI: 5
[    1.682180] scsi target2:0:0: Beginning Domain Validation
[    1.684366] scsi target2:0:0: Domain Validation skipping write tests
[    1.684982] scsi target2:0:0: Ending Domain Validation
[    1.685650] scsi target2:0:0: asynchronous
[    1.686269] scsi 2:0:1:0: Direct-Access     VBOX     HARDDISK         1.0  PQ: 0 ANSI: 5
[    1.687280] scsi target2:0:1: Beginning Domain Validation
[    1.688214] scsi target2:0:1: Domain Validation skipping write tests
[    1.689006] scsi target2:0:1: Ending Domain Validation
[    1.690063] scsi target2:0:1: asynchronous
[    1.693770] sd 2:0:0:0: [sda] 83886080 512-byte logical blocks: (42.9 GB/40.0 GiB)
[    1.694557] sd 2:0:0:0: [sda] Write Protect is off
[    1.695079] sd 2:0:0:0: Attached scsi generic sg0 type 0
[    1.695636] sd 2:0:0:0: [sda] Incomplete mode parameter data
[    1.696360] sd 2:0:0:0: [sda] Assuming drive cache: write through
[    1.697804] sd 2:0:1:0: [sdb] 20480 512-byte logical blocks: (10.5 MB/10.0 MiB)
[    1.698659]  sda: sda1
[    1.699042] sd 2:0:1:0: [sdb] Write Protect is off
[    1.699756] sd 2:0:1:0: [sdb] Incomplete mode parameter data
[    1.700569] sd 2:0:1:0: [sdb] Assuming drive cache: write through
[    1.701762] sd 2:0:0:0: [sda] Attached SCSI disk
[    1.702433] sd 2:0:1:0: Attached scsi generic sg1 type 0
[    1.704312] sd 2:0:1:0: [sdb] Attached SCSI disk
[    2.051941] e1000 0000:00:08.0 eth1: (PCI:33MHz:32-bit) 08:00:27:17:b7:82
[    2.053687] e1000 0000:00:08.0 eth1: Intel(R) PRO/1000 Network Connection
[    2.055755] e1000 0000:00:08.0 enp0s8: renamed from eth1
[    2.057849] e1000 0000:00:03.0 enp0s3: renamed from eth0
Begin: Loading essential drivers ... [    3.368010] raid6: sse2x1   gen() 17439 MB/s
[    3.416192] raid6: sse2x1   xor()  9328 MB/s
[    3.464151] raid6: sse2x2   gen() 18343 MB/s
[    3.512473] raid6: sse2x2   xor() 11247 MB/s
[    3.560954] raid6: sse2x4   gen() 11705 MB/s
[    3.608094] raid6: sse2x4   xor() 14396 MB/s
[    3.656476] raid6: avx2x1   gen() 26845 MB/s
[    3.704012] raid6: avx2x1   xor() 22815 MB/s
[    3.752111] raid6: avx2x2   gen() 45122 MB/s
[    3.800170] raid6: avx2x2   xor() 23583 MB/s
[    3.848215] raid6: avx2x4   gen() 42472 MB/s
[    3.896342] raid6: avx2x4   xor() 21407 MB/s
[    3.896916] raid6: using algorithm avx2x2 gen() 45122 MB/s
[    3.897597] raid6: .... xor() 23583 MB/s, rmw enabled
[    3.898128] raid6: using avx2x2 recovery algorithm
[    3.900170] xor: automatically using best checksumming function   avx       
[    3.902910] async_tx: api initialized (async)
done.
Begin: Running /scripts/init-premount ... done.
Begin: Mounting root file system ... Begin: Running /scripts/local-top ... done.
Begin: Running /scripts/local-premount ... [    3.940364] Btrfs loaded, crc32c=crc32c-intel
Scanning for Btrfs filesystems
done.
Warning: fsck not present, so skipping root file system
[    3.956914] EXT4-fs (sda1): mounted filesystem with ordered data mode. Opts: (null)
done.
Begin: Running /scripts/local-bottom ... done.
Begin: Running /scripts/init-bottom ... done.
[    4.072033] ip_tables: (C) 2000-2006 Netfilter Core Team
[    4.076962] systemd[1]: systemd 237 running in system mode. (+PAM +AUDIT +SELINUX +IMA +APPARMOR +SMACK +SYSVINIT +UTMP +LIBCRYPTSETUP +GCRYPT +GNUTLS +ACL +XZ +LZ4 +SECCOMP +BLKID +ELFUTILS +KMOD -IDN2 +IDN -PCRE2 default-hierarchy=hybrid)
[    4.078974] systemd[1]: Detected virtualization oracle.
[    4.079557] systemd[1]: Detected architecture x86-64.

Welcome to [1mUbuntu 18.04.6 LTS[0m!

[    4.081643] systemd[1]: Set hostname to <ubuntu>.
[    4.083557] systemd[1]: Initializing machine ID from random generator.
[    4.084303] systemd[1]: Installed transient /etc/machine-id file.
[    4.231371] systemd[1]: Reached target Mounting snaps.
[[0;32m  OK  [0m] Reached target Mounting snaps.
[    4.232672] systemd[1]: Reached target User and Group Name Lookups.
[[0;32m  OK  [0m] Reached target User and Group Name Lookups.
[    4.234142] systemd[1]: Created slice User and Session Slice.
[[0;32m  OK  [0m] Created slice User and Session Slice.
[    4.235176] systemd[1]: Reached target Swap.
[[0;32m  OK  [0m] Reached target Swap.
[[0;32m  OK  [0m] Started Forward Password Requests to Wall Directory Watch.
[[0;32m  OK  [0m] Reached target System Time Synchronized.
[[0;32m  OK  [0m] Reached target Mounted snaps.
[[0;32m  OK  [0m] Created slice System Slice.
[[0;32m  OK  [0m] Listening on LVM2 poll daemon socket.
[[0;32m  OK  [0m] Listening on Syslog Socket.
[[0;32m  OK  [0m] Listening on Journal Audit Socket.
[[0;32m  OK  [0m] Listening on Journal Socket (/dev/log).
[[0;32m  OK  [0m] Reached target Slices.
[[0;32m  OK  [0m] Listening on Network Service Netlink Socket.
[[0;32m  OK  [0m] Listening on /dev/initctl Compatibility Named Pipe.
[[0;32m  OK  [0m] Listening on udev Kernel Socket.
[[0;32m  OK  [0m] Listening on fsck to fsckd communication Socket.
[[0;32m  OK  [0m] Listening on Journal Socket.
         Starting Load Kernel Modules...
         Starting Set the console keyboard layout...
         Starting Create list of required st…ce nodes for the current kernel...
         Starting File System Check on Root Device...
         Starting Journal Service...
         Mounting Huge Pages File System...
         Starting Uncomplicated firewall...
[[0;32m  OK  [0m] Created slice system-serial\x2dgetty.slice.
         Mounting Kernel Debug File System...
[[0;32m  OK  [0m] Listening on Device-mapper event daemon FIFOs.
[[0;32m  OK  [0m] Listening on LVM2 metadata daemon socket.
         Starting Monitoring of LVM2 mirrors…ng dmeventd or progress polling...
[[0;32m  OK  [0m] Listening on udev Control Socket.
         Starting udev Coldplug all Devices...
         Mounting POSIX Message Queue File System...
[[0;32m  OK  [0m] Set up automount Arbitrary Executab…rmats File System Automount Point.
[[0;32m  OK  [0m] Started Journal Service.
[[0;32m  OK  [0m] Started Create list of required sta…vice nodes for the current kernel.
[[0;32m  OK  [0m] Started Uncomplicated firewall.
[    4.343794] Loading iSCSI transport class v2.0-870.
[[0;32m  OK  [0m] Started LVM2 metadata daemon.
[[0;32m  OK  [0m] Started File System Check Daemon to report status.
         Starting Create Static Device Nodes in /dev...
[[0;32m  OK  [0m] Mounted POSIX Message Queue File System.
[[0;32m  OK  [0m] Mounted Huge Pages File System.
[[0;32m  OK  [0m] Mounted Kernel Debug File System.
[[0;32m  OK  [0m] Started udev Coldplug all Devices.
[[0;32m  OK  [0m] Started Create Static Device Nodes in /dev.
[    4.406450] iscsi: registered transport (tcp)
[    4.419166] iscsi: registered transport (iser)
[[0;32m  OK  [0m] Started Load Kernel Modules.
         Mounting FUSE Control File System...
         Mounting Kernel Configuration File System...
         Starting Apply Kernel Variables...
[[0;32m  OK  [0m] Mounted Kernel Configuration File System.
[[0;32m  OK  [0m] Mounted FUSE Control File System.
[[0;32m  OK  [0m] Started File System Check on Root Device.
         Starting Remount Root and Kernel File Systems...
[[0;32m  OK  [0m] Started Monitoring of LVM2 mirrors,…sing dmeventd or progress polling.
[[0;32m  OK  [0m] Started Apply Kernel Variables.
[[0;32m  OK  [0m] Started Remount Root and Kernel File Systems.
         Starting udev Kernel Device Manager...
         Starting Flush Journal to Persistent Storage...
         Starting Load/Save Random Seed...
[[0;32m  OK  [0m] Started Load/Save Random Seed.
[[0;32m  OK  [0m] Started udev Kernel Device Manager.
[[0;32m  OK  [0m] Started Flush Journal to Persistent Storage.
[[0;32m  OK  [0m] Found device /dev/ttyS0.
[[0;32m  OK  [0m] Listening on Load/Save RF Kill Switch Status /dev/rfkill Watch.
         Mounting Arbitrary Executable File Formats File System...
[[0;32m  OK  [0m] Mounted Arbitrary Executable File Formats File System.
[[0;32m  OK  [0m] Started Set the console keyboard layout.
[[0;32m  OK  [0m] Reached target Local File Systems (Pre).
[[0;32m  OK  [0m] Reached target Local File Systems.
         Starting Tell Plymouth To Write Out Runtime Data...
         Starting AppArmor initialization...
         Starting ebtables ruleset management...
         Starting Create Volatile Files and Directories...
         Starting Set console font and keymap...
         Starting Commit a transient machine-id on disk...
[[0;32m  OK  [0m] Started Dispatch Password Requests to Console Directory Watch.
[[0;32m  OK  [0m] Reached target Local Encrypted Volumes.
[[0;32m  OK  [0m] Started Tell Plymouth To Write Out Runtime Data.
[[0;32m  OK  [0m] Started Commit a transient machine-id on disk.
[[0;32m  OK  [0m] Started Create Volatile Files and Directories.
         Starting Update UTMP about System Boot/Shutdown...
[[0;32m  OK  [0m] Started Update UTMP about System Boot/Shutdown.
[[0;32m  OK  [0m] Started ebtables ruleset management.
[[0;32m  OK  [0m] Started AppArmor initialization.
         Starting Load AppArmor profiles managed internally by snapd...
         Starting Initial cloud-init job (pre-networking)...
[[0;32m  OK  [0m] Started Load AppArmor profiles managed internally by snapd.
[[0;32m  OK  [0m] Started Set console font and keymap.
[    7.311400] cloud-init[862]: Cloud-init v. 23.1.2-0ubuntu0~18.04.1 running 'init-local' at Wed, 06 Nov 2024 01:11:43 +0000. Up 7.10 seconds.
[[0;32m  OK  [0m] Started Initial cloud-init job (pre-networking).
[[0;32m  OK  [0m] Reached target Network (Pre).
         Starting Network Service...
[[0;32m  OK  [0m] Started Network Service.
         Starting Wait for Network to be Configured...
         Starting Network Name Resolution...
[[0;32m  OK  [0m] Started Network Name Resolution.
[[0;32m  OK  [0m] Reached target Host and Network Name Lookups.
[[0;32m  OK  [0m] Reached target Network.
[[0;32m  OK  [0m] Started Wait for Network to be Configured.
         Starting Initial cloud-init job (metadata service crawler)...
[    9.518695] cloud-init[986]: Cloud-init v. 23.1.2-0ubuntu0~18.04.1 running 'init' at Wed, 06 Nov 2024 01:11:46 +0000. Up 9.42 seconds.
[    9.519704] cloud-init[986]: ci-info: ++++++++++++++++++++++++++++++++++++++Net device info+++++++++++++++++++++++++++++++++++++++
[    9.532286] cloud-init[986]: ci-info: +--------+-------+----------------------------+---------------+--------+-------------------+
[    9.533118] cloud-init[986]: ci-info: | Device |   Up  |          Address           |      Mask     | Scope  |     Hw-Address    |
[    9.533947] cloud-init[986]: ci-info: +--------+-------+----------------------------+---------------+--------+-------------------+
[    9.534766] cloud-init[986]: ci-info: | enp0s3 |  True |         10.0.2.15          | 255.255.255.0 | global | 02:3b:7b:b7:3b:2d |
[    9.536106] cloud-init[986]: ci-info: | enp0s3 |  True | fe80::3b:7bff:feb7:3b2d/64 |       .       |  link  | 02:3b:7b:b7:3b:2d |
[    9.538247] cloud-init[986]: ci-info: | enp0s8 | False |             .              |       .       |   .    | 08:00:27:17:b7:82 |
[    9.540155] cloud-init[986]: ci-info: |   lo   |  True |         127.0.0.1          |   255.0.0.0   |  host  |         .         |
[    9.542259] cloud-init[986]: ci-info: |   lo   |  True |          ::1/128           |       .       |  host  |         .         |
[    9.543077] cloud-init[986]: ci-info: +--------+-------+----------------------------+---------------+--------+-------------------+
[    9.543932] cloud-init[986]: ci-info: ++++++++++++++++++++++++++++Route IPv4 info+++++++++++++++++++++++++++++
[    9.546958] cloud-init[986]: ci-info: +-------+-------------+----------+-----------------+-----------+-------+
[    9.547721] cloud-init[986]: ci-info: | Route | Destination | Gateway  |     Genmask     | Interface | Flags |
[    9.560237] cloud-init[986]: ci-info: +-------+-------------+----------+-----------------+-----------+-------+
[    9.562451] cloud-init[986]: ci-info: |   0   |   0.0.0.0   | 10.0.2.2 |     0.0.0.0     |   enp0s3  |   UG  |
[    9.568164] cloud-init[986]: ci-info: |   1   |   10.0.2.0  | 0.0.0.0  |  255.255.255.0  |   enp0s3  |   U   |
[    9.568918] cloud-init[986]: ci-info: |   2   |   10.0.2.2  | 0.0.0.0  | 255.255.255.255 |   enp0s3  |   UH  |
[    9.569659] cloud-init[986]: ci-info: +-------+-------------+----------+-----------------+-----------+-------+
[    9.572115] cloud-init[986]: ci-info: +++++++++++++++++++Route IPv6 info+++++++++++++++++++
[    9.572777] cloud-init[986]: ci-info: +-------+-------------+---------+-----------+-------+
[    9.573401] cloud-init[986]: ci-info: | Route | Destination | Gateway | Interface | Flags |
[    9.574028] cloud-init[986]: ci-info: +-------+-------------+---------+-----------+-------+
[    9.574686] cloud-init[986]: ci-info: |   1   |  fe80::/64  |    ::   |   enp0s3  |   U   |
[    9.576477] cloud-init[986]: ci-info: |   3   |    local    |    ::   |   enp0s3  |   U   |
[    9.577115] cloud-init[986]: ci-info: |   4   |   ff00::/8  |    ::   |   enp0s3  |   U   |
[    9.577977] cloud-init[986]: ci-info: +-------+-------------+---------+-----------+-------+
[    9.951859] cloud-init[986]: Generating public/private rsa key pair.
[    9.952370] cloud-init[986]: Your identification has been saved in /etc/ssh/ssh_host_rsa_key.
[    9.952854] cloud-init[986]: Your public key has been saved in /etc/ssh/ssh_host_rsa_key.pub.
[    9.953312] cloud-init[986]: The key fingerprint is:
[    9.953587] cloud-init[986]: SHA256:wi87k+G0TonoQf0sODlInt+l60m9Q5p8L0CWLO9Bi8M root@ubuntu-bionic
[    9.954145] cloud-init[986]: The key's randomart image is:
[    9.954624] cloud-init[986]: +---[RSA 2048]----+
[    9.955060] cloud-init[986]: |                 |
[    9.955475] cloud-init[986]: |                 |
[    9.955891] cloud-init[986]: |    . .          |
[    9.956313] cloud-init[986]: |   o B           |
[    9.957402] cloud-init[986]: | .o O + S        |
[    9.957799] cloud-init[986]: |oo.E O+=         |
[    9.958207] cloud-init[986]: |.oB *+%*.        |
[    9.960391] cloud-init[986]: | ..+oBX*.        |
[    9.960761] cloud-init[986]: |  ...B=++.       |
[    9.961168] cloud-init[986]: +----[SHA256]-----+
[    9.961641] cloud-init[986]: Generating public/private dsa key pair.
[    9.962156] cloud-init[986]: Your identification has been saved in /etc/ssh/ssh_host_dsa_key.
[    9.964303] cloud-init[986]: Your public key has been saved in /etc/ssh/ssh_host_dsa_key.pub.
[    9.964901] cloud-init[986]: The key fingerprint is:
[    9.968239] cloud-init[986]: SHA256:3n2fL9dkinFY7UBmvcqXLlXJGol6B+SuPUwyb4VzTJ0 root@ubuntu-bionic
[    9.968748] cloud-init[986]: The key's randomart image is:
[    9.980465] cloud-init[986]: +---[DSA 1024]----+
[    9.980837] cloud-init[986]: |               . |
[    9.981166] cloud-init[986]: |           .  + .|
[    9.981443] cloud-init[986]: |          o .++.+|
[    9.981666] cloud-init[986]: |           + +oEo|
[    9.981978] cloud-init[986]: |        S o *o+oo|
[    9.982390] cloud-init[986]: |       . = BoO.++|
[    9.982801] cloud-init[986]: |        . @ *+=+.|
[    9.983218] cloud-init[986]: |         . *.ooo+|
[    9.983636] cloud-init[986]: |          . . .++|
[    9.984065] cloud-init[986]: +----[SHA256]-----+
[    9.984479] cloud-init[986]: Generating public/private ecdsa key pair.
[    9.988244] cloud-init[986]: Your identification has been saved in /etc/ssh/ssh_host_ecdsa_key.
[    9.988902] cloud-init[986]: Your public key has been saved in /etc/ssh/ssh_host_ecdsa_key.pub.
[    9.989577] cloud-init[986]: The key fingerprint is:
[    9.990062] cloud-init[986]: SHA256:1x96tafkRqoiYxLp2qCoXCmfrChauWZb8galf92TxBA root@ubuntu-bionic
[    9.992308] cloud-init[986]: The key's randomart image is:
[    9.992733] cloud-init[986]: +---[ECDSA 256]---+
[    9.993161] cloud-init[986]: |                 |
[    9.993589] cloud-init[986]: |        E        |
[    9.994006] cloud-init[986]: |         .       |
[    9.994418] cloud-init[986]: |    .   .  .     |
[    9.996435] cloud-init[986]: |   o .  So. . . .|
[    9.996862] cloud-init[986]: |  o.+    .o  o.o.|
[    9.997268] cloud-init[986]: | .=*.. . o ..o+..|
[    9.997829] cloud-init[986]: |=oBB* = o + .+...|
[   10.000103] cloud-init[986]: |X==Bo+ o ..o .o  |
[   10.000631] cloud-init[986]: +----[SHA256]-----+
[   10.001058] cloud-init[986]: Generating public/private ed25519 key pair.
[   10.001615] cloud-init[986]: Your identification has been saved in /etc/ssh/ssh_host_ed25519_key.
[   10.004236] cloud-init[986]: Your public key has been saved in /etc/ssh/ssh_host_ed25519_key.pub.
[   10.008215] cloud-init[986]: The key fingerprint is:
[   10.009326] cloud-init[986]: SHA256:m/SV3oCb4px8gIeS0xjKJQBWkyGVDGWgrOtFGiDCGZw root@ubuntu-bionic
[   10.012368] cloud-init[986]: The key's randomart image is:
[   10.016484] cloud-init[986]: +--[ED25519 256]--+
[   10.017017] cloud-init[986]: |+*OB+            |
[   10.017518] cloud-init[986]: |*E=+.            |
[   10.018014] cloud-init[986]: |==               |
[   10.018503] cloud-init[986]: |= . o      . .   |
[   10.019029] cloud-init[986]: |.o = = oS . +    |
[   10.019536] cloud-init[986]: | .* = +.o+ = o   |
[[0;32m  OK  [0m] Started Initial cloud-init job (metadata service crawler).
[[0;32m  OK  [0m] Reached target Cloud-config availability.
[[0;32m  OK  [0m] Reached target Network is Online.
[   10.022377] cloud-init[[0;32m  OK  [0m] Reached target Remote File Systems (Pre).
[[0;32m  OK  [0m] Reached target Remote File Systems.
[986]: |.. . o .+.+ . .  |
[   10.024935] cloud-init[986]: |. .    + o.      |
         Starting Availability of block devices...
[   10.026167] cloud-init[986]: | .      =.       |
[[0;32m  OK  [0m] Reached target System Initialization.
[[0;32m  OK  [0m] Started Ubuntu Advantage Timer for running repeated jobs.
         Starting LXD - unix socket.
[[0;32m  OK  [0m] Listening on Open-iSCSI iscsid Socket.
         Starting Socket activation for snappy daemon.
[   10.035045] cloud-init[986]: +----[SHA256]-----+
[[0;32m  OK  [0m] Started ACPI Events Check.
[[0;32m  OK  [0m] Reached target Paths.
[[0;32m  OK  [0m] Listening on D-Bus System Message Bus Socket.
[[0;32m  OK  [0m] Listening on ACPID Listen Socket.
[[0;32m  OK  [0m] Started Discard unused blocks once a week.
[[0;32m  OK  [0m] Started Message of the Day.
[[0;32m  OK  [0m] Listening on UUID daemon activation socket.
[[0;32m  OK  [0m] Started Daily Cleanup of Temporary Directories.
[[0;32m  OK  [0m] Started Daily apt download activities.
[[0;32m  OK  [0m] Started Daily apt upgrade and clean activities.
[[0;32m  OK  [0m] Reached target Timers.
[[0;32m  OK  [0m] Listening on cloud-init hotplug hook socket.
[[0;32m  OK  [0m] Started Availability of block devices.
[[0;32m  OK  [0m] Listening on LXD - unix socket.
[[0;32m  OK  [0m] Listening on Socket activation for snappy daemon.
[[0;32m  OK  [0m] Reached target Sockets.
[[0;32m  OK  [0m] Reached target Basic System.
         Starting Accounts Service...
         Starting LXD - container startup/shutdown...
[[0;32m  OK  [0m] Started Deferred execution scheduler.
[[0;32m  OK  [0m] Reached target Login Prompts (Pre).
[[0;32m  OK  [0m] Started FUSE filesystem for LXC.
         Starting Permit User Sessions...
         Starting LSB: automatic crash report generation...
         Starting System Logging Service...
         Starting Dispatcher daemon for systemd-networkd...
[[0;32m  OK  [0m] Started Regular background program processing daemon.
[[0;32m  OK  [0m] Started irqbalance daemon.
         Starting Snap Daemon...
[[0;32m  OK  [0m] Started D-Bus System Message Bus.
         Starting Pollinate to seed the pseudo random number generator...
         Starting LSB: Record successful boot for GRUB...
         Starting Login Service...
         Starting Virtualbox guest utils...
[[0;32m  OK  [0m] Started System Logging Service.
[[0;32m  OK  [0m] Started Permit User Sessions.
         Starting Terminate Plymouth Boot Screen...
         Starting Hold until boot process finishes up...
[[0;32m  OK  [0m] Started Hold until boot process finishes up.
         Starting Set console scheme...
[[0;32m  OK  [0m] Started Serial Getty on ttyS0.
[[0;32m  OK  [0m] Started Terminate Plymouth Boot Screen.
[[0;32m  OK  [0m] Started Login Service.
[[0;32m  OK  [0m] Started Unattended Upgrades Shutdown.
[[0;32m  OK  [0m] Started LXD - container startup/shutdown.
[[0;32m  OK  [0m] Started LSB: automatic crash report generation.
[[0;32m  OK  [0m] Started Set console scheme.
[[0;32m  OK  [0m] Created slice system-getty.slice.
[[0;32m  OK  [0m] Started Getty on tty1.
[[0;32m  OK  [0m] Reached target Login Prompts.
         Starting Authorization Manager...
[[0;32m  OK  [0m] Started LSB: Record successful boot for GRUB.
[[0;32m  OK  [0m] Started Authorization Manager.
[[0;32m  OK  [0m] Started Accounts Service.
[[0;32m  OK  [0m] Started Virtualbox guest utils.
[[0;32m  OK  [0m] Started Dispatcher daemon for systemd-networkd.
[[0;32m  OK  [0m] Started Snap Daemon.
         Starting Wait until snapd is fully seeded...
         Starting Time & Date Service...
[[0;32m  OK  [0m] Started Time & Date Service.

Ubuntu 18.04.6 LTS ubuntu-bionic ttyS0

ubuntu-bionic login: [   44.229820] cloud-init[2336]: Cloud-init v. 23.1.2-0ubuntu0~18.04.1 running 'modules:config' at Wed, 06 Nov 2024 01:12:20 +0000. Up 43.93 seconds.
ci-info: no authorized SSH keys fingerprints found for user ubuntu.
<14>Nov  6 01:12:21 cloud-init: #############################################################
<14>Nov  6 01:12:21 cloud-init: -----BEGIN SSH HOST KEY FINGERPRINTS-----
<14>Nov  6 01:12:21 cloud-init: 1024 SHA256:3n2fL9dkinFY7UBmvcqXLlXJGol6B+SuPUwyb4VzTJ0 root@ubuntu-bionic (DSA)
<14>Nov  6 01:12:21 cloud-init: 256 SHA256:1x96tafkRqoiYxLp2qCoXCmfrChauWZb8galf92TxBA root@ubuntu-bionic (ECDSA)
<14>Nov  6 01:12:21 cloud-init: 256 SHA256:m/SV3oCb4px8gIeS0xjKJQBWkyGVDGWgrOtFGiDCGZw root@ubuntu-bionic (ED25519)
<14>Nov  6 01:12:21 cloud-init: 2048 SHA256:wi87k+G0TonoQf0sODlInt+l60m9Q5p8L0CWLO9Bi8M root@ubuntu-bionic (RSA)
<14>Nov  6 01:12:21 cloud-init: -----END SSH HOST KEY FINGERPRINTS-----
<14>Nov  6 01:12:21 cloud-init: #############################################################
-----BEGIN SSH HOST KEY KEYS-----
ecdsa-sha2-nistp256 AAAAE2VjZHNhLXNoYTItbmlzdHAyNTYAAAAIbmlzdHAyNTYAAABBBBdI2qrwFrzaS0IDTgCij4KIetcEZ3hlPdjj1V7VzaMiD0gQNvBqv3GUj601OFEHE6rr71vcbZGHkHjlMdbOjBA= root@ubuntu-bionic
ssh-ed25519 AAAAC3NzaC1lZDI1NTE5AAAAILlEb5NbOXQK124Kb3tJLLh7XcWe5T87NUOsx8/pQrt7 root@ubuntu-bionic
ssh-rsa AAAAB3NzaC1yc2EAAAADAQABAAABAQDLLgA7GCNN1vN4UJXMPZ6sr//089fo6QEvBJ4ynVpyhvnJBw24e7lw2J6rc0IKwkeKt5ZzyT35vIDzK9k7jZS6njIbX4wln1omMzT6PYrYatvd7MpBCflMQRjyDne5IC3N3jNwP323Rkomtt9hzoYwqnxpBCa2NmAoWfcoO/aI0oXHcs6+xZl/tNpJ/PCaccObEG9haYd+MAVtOPA0qL5Z/pB7C3H1r3MVAfIhGp+kblLRFI7CCcShL+1O1hmnk7yC2eeUL0JuU9fCUOKbrbPunqlGK5FWJ6QhsSm7S8ASsuX51Ew41lUaCLHvSe3del74NIg5Ge3XoSLQKkH5YCr3 root@ubuntu-bionic
-----END SSH HOST KEY KEYS-----
[   44.698036] cloud-init[2442]: Cloud-init v. 23.1.2-0ubuntu0~18.04.1 running 'modules:final' at Wed, 06 Nov 2024 01:12:21 +0000. Up 44.57 seconds.
[   44.699046] cloud-init[2442]: Cloud-init v. 23.1.2-0ubuntu0~18.04.1 finished at Wed, 06 Nov 2024 01:12:21 +0000. Datasource DataSourceNoCloud [seed=/dev/sdb][dsmode=net].  Up 44.69 seconds
